Connecting to database specified by database.yml


Started GET "/admin" for 127.0.0.1 at 2014-02-20 17:16:10 +0700
Processing by Admin::DashboardController#index as HTML
  [1m[36mAdminUser Load (0.1ms)[0m  [1mSELECT "admin_users".* FROM "admin_users" WHERE "admin_users"."id" = 1 LIMIT 1[0m
  [1m[35mDoanhNghiep Load (0.1ms)[0m  SELECT "doanh_nghieps".* FROM "doanh_nghieps" ORDER BY id desc LIMIT 5
  [1m[36m (0.1ms)[0m  [1mSELECT COUNT(*) FROM "san_phams" WHERE "san_phams"."doanh_nghiep_id" = 2[0m
  [1m[35m (0.1ms)[0m  SELECT COUNT(*) FROM "san_phams" WHERE "san_phams"."doanh_nghiep_id" = 1
  [1m[36mDaiLy Load (0.1ms)[0m  [1mSELECT "dai_lies".* FROM "dai_lies" WHERE "dai_lies"."id" = 2 LIMIT 1[0m
  [1m[35mDaiLy Load (0.1ms)[0m  SELECT "dai_lies".* FROM "dai_lies" WHERE "dai_lies"."id" = 1 LIMIT 1
  [1m[36mDaiLy Load (0.1ms)[0m  [1mSELECT "dai_lies".* FROM "dai_lies" ORDER BY id desc[0m
  [1m[35mCaptem Load (0.1ms)[0m  SELECT "captems".* FROM "captems" WHERE "captems"."dai_ly_id" = 2
  [1m[36mCaptem Load (0.3ms)[0m  [1mSELECT "captems".* FROM "captems" WHERE "captems"."dai_ly_id" = 1[0m
  [1m[35mDangkiCaptem Load (0.1ms)[0m  SELECT "dangki_captems".* FROM "dangki_captems" WHERE "dangki_captems"."dai_ly_id" = 2
  [1m[36mDangkiCaptem Load (0.1ms)[0m  [1mSELECT "dangki_captems".* FROM "dangki_captems" WHERE "dangki_captems"."dai_ly_id" = 1[0m
  [1m[35mSmsdb Load (0.1ms)[0m  SELECT "smsdbs".* FROM "smsdbs" ORDER BY id desc LIMIT 10
  [1m[36mPrintManager Load (0.1ms)[0m  [1mSELECT "print_managers".* FROM "print_managers" WHERE "print_managers"."id" = 977 LIMIT 1[0m
  [1m[35mCACHE (0.0ms)[0m  SELECT "print_managers".* FROM "print_managers" WHERE "print_managers"."id" = 977 LIMIT 1
  [1m[36mPrintManager Load (0.1ms)[0m  [1mSELECT "print_managers".* FROM "print_managers" WHERE "print_managers"."id" = 985 LIMIT 1[0m
  [1m[35mPrintManager Load (0.1ms)[0m  SELECT "print_managers".* FROM "print_managers" WHERE "print_managers"."id" = 4 LIMIT 1
  [1m[36mCACHE (0.0ms)[0m  [1mSELECT "print_managers".* FROM "print_managers" WHERE "print_managers"."id" = 4 LIMIT 1[0m
  [1m[35mCACHE (0.0ms)[0m  SELECT "print_managers".* FROM "print_managers" WHERE "print_managers"."id" = 4 LIMIT 1
  [1m[36mPrintManager Load (0.1ms)[0m  [1mSELECT "print_managers".* FROM "print_managers" WHERE "print_managers"."id" = 11573 LIMIT 1[0m
  [1m[35mCACHE (0.0ms)[0m  SELECT "print_managers".* FROM "print_managers" WHERE "print_managers"."id" = 11573 LIMIT 1
  [1m[36mCACHE (0.0ms)[0m  [1mSELECT "print_managers".* FROM "print_managers" WHERE "print_managers"."id" = 11573 LIMIT 1[0m
  [1m[35mPackage Load (0.1ms)[0m  SELECT "packages".* FROM "packages" WHERE "packages"."id" = 17 LIMIT 1
  [1m[36mCaptem Load (0.2ms)[0m  [1mSELECT "captems".* FROM "captems" WHERE "captems"."package_id" = 17 LIMIT 1[0m
  [1m[35mPhattem Load (0.1ms)[0m  SELECT "phattems".* FROM "phattems" WHERE "phattems"."captem_id" = 17 LIMIT 1
  [1m[36mSanPham Load (0.1ms)[0m  [1mSELECT "san_phams".* FROM "san_phams" WHERE "san_phams"."id" = 1 LIMIT 1[0m
  [1m[35mCACHE (0.0ms)[0m  SELECT "packages".* FROM "packages" WHERE "packages"."id" = 17 LIMIT 1
  [1m[36mCACHE (0.0ms)[0m  [1mSELECT "captems".* FROM "captems" WHERE "captems"."package_id" = 17 LIMIT 1[0m
  [1m[35mCACHE (0.0ms)[0m  SELECT "phattems".* FROM "phattems" WHERE "phattems"."captem_id" = 17 LIMIT 1
  [1m[36mCACHE (0.0ms)[0m  [1mSELECT "san_phams".* FROM "san_phams" WHERE "san_phams"."id" = 1 LIMIT 1[0m
  [1m[35mCACHE (0.0ms)[0m  SELECT "packages".* FROM "packages" WHERE "packages"."id" = 17 LIMIT 1
  [1m[36mCACHE (0.0ms)[0m  [1mSELECT "captems".* FROM "captems" WHERE "captems"."package_id" = 17 LIMIT 1[0m
  [1m[35mCACHE (0.0ms)[0m  SELECT "phattems".* FROM "phattems" WHERE "phattems"."captem_id" = 17 LIMIT 1
  [1m[36mCACHE (0.0ms)[0m  [1mSELECT "san_phams".* FROM "san_phams" WHERE "san_phams"."id" = 1 LIMIT 1[0m
  [1m[35mPackage Load (0.1ms)[0m  SELECT "packages".* FROM "packages" WHERE "packages"."id" = 1 LIMIT 1
  [1m[36mCaptem Load (0.1ms)[0m  [1mSELECT "captems".* FROM "captems" WHERE "captems"."package_id" = 1 LIMIT 1[0m
  [1m[35mPhattem Load (0.1ms)[0m  SELECT "phattems".* FROM "phattems" WHERE "phattems"."captem_id" = 1 LIMIT 1
  [1m[36mCACHE (0.0ms)[0m  [1mSELECT "packages".* FROM "packages" WHERE "packages"."id" = 1 LIMIT 1[0m
  [1m[35mCACHE (0.0ms)[0m  SELECT "captems".* FROM "captems" WHERE "captems"."package_id" = 1 LIMIT 1
  [1m[36mCACHE (0.0ms)[0m  [1mSELECT "phattems".* FROM "phattems" WHERE "phattems"."captem_id" = 1 LIMIT 1[0m
  [1m[35mCACHE (0.0ms)[0m  SELECT "packages".* FROM "packages" WHERE "packages"."id" = 1 LIMIT 1
  [1m[36mCACHE (0.0ms)[0m  [1mSELECT "captems".* FROM "captems" WHERE "captems"."package_id" = 1 LIMIT 1[0m
  [1m[35mCACHE (0.0ms)[0m  SELECT "phattems".* FROM "phattems" WHERE "phattems"."captem_id" = 1 LIMIT 1
  [1m[36mPackage Load (0.1ms)[0m  [1mSELECT "packages".* FROM "packages" WHERE "packages"."id" = 193 LIMIT 1[0m
  [1m[35mCaptem Load (0.1ms)[0m  SELECT "captems".* FROM "captems" WHERE "captems"."package_id" = 193 LIMIT 1
  [1m[36mCACHE (0.0ms)[0m  [1mSELECT "packages".* FROM "packages" WHERE "packages"."id" = 193 LIMIT 1[0m
  [1m[35mCACHE (0.0ms)[0m  SELECT "captems".* FROM "captems" WHERE "captems"."package_id" = 193 LIMIT 1
  [1m[36mCACHE (0.0ms)[0m  [1mSELECT "packages".* FROM "packages" WHERE "packages"."id" = 193 LIMIT 1[0m
  [1m[35mCACHE (0.0ms)[0m  SELECT "captems".* FROM "captems" WHERE "captems"."package_id" = 193 LIMIT 1
  [1m[36mDoanhNghiep Load (0.1ms)[0m  [1mSELECT "doanh_nghieps".* FROM "doanh_nghieps" WHERE "doanh_nghieps"."id" = 1 LIMIT 1[0m
  [1m[35mCACHE (0.0ms)[0m  SELECT "doanh_nghieps".* FROM "doanh_nghieps" WHERE "doanh_nghieps"."id" = 1 LIMIT 1
  [1m[36mCACHE (0.0ms)[0m  [1mSELECT "doanh_nghieps".* FROM "doanh_nghieps" WHERE "doanh_nghieps"."id" = 1 LIMIT 1[0m
  [1m[35mCACHE (0.0ms)[0m  SELECT "dai_lies".* FROM "dai_lies" WHERE "dai_lies"."id" = 1 LIMIT 1
  [1m[36mCACHE (0.0ms)[0m  [1mSELECT "dai_lies".* FROM "dai_lies" WHERE "dai_lies"."id" = 1 LIMIT 1[0m
  [1m[35mCACHE (0.0ms)[0m  SELECT "dai_lies".* FROM "dai_lies" WHERE "dai_lies"."id" = 1 LIMIT 1
  Rendered /Users/macintoshhd/.rvm/gems/ruby-1.9.3-p448/gems/activeadmin-0.6.0/app/views/active_admin/page/index.html.arb (292.9ms)
Completed 200 OK in 375ms (Views: 340.0ms | ActiveRecord: 4.3ms | Solr: 0.0ms)


Started GET "/assets/active_admin/print.css?body=1" for 127.0.0.1 at 2014-02-20 17:16:10 +0700
Served asset /active_admin/print.css - 304 Not Modified (3ms)


Started GET "/assets/active_admin.css?body=1" for 127.0.0.1 at 2014-02-20 17:16:10 +0700
Served asset /active_admin.css - 304 Not Modified (13ms)


Started GET "/assets/active_admin.js" for 127.0.0.1 at 2014-02-20 17:16:10 +0700
Served asset /active_admin.js - 304 Not Modified (24ms)
Connecting to database specified by database.yml
Connecting to database specified by database.yml


Started GET "/admin" for 127.0.0.1 at 2014-02-20 17:22:08 +0700
Processing by Admin::DashboardController#index as HTML
  [1m[36mAdminUser Load (0.1ms)[0m  [1mSELECT "admin_users".* FROM "admin_users" WHERE "admin_users"."id" = 1 LIMIT 1[0m
  [1m[35mDoanhNghiep Load (0.1ms)[0m  SELECT "doanh_nghieps".* FROM "doanh_nghieps" ORDER BY id desc LIMIT 5
  [1m[36m (0.1ms)[0m  [1mSELECT COUNT(*) FROM "san_phams" WHERE "san_phams"."doanh_nghiep_id" = 2[0m
  [1m[35m (0.1ms)[0m  SELECT COUNT(*) FROM "san_phams" WHERE "san_phams"."doanh_nghiep_id" = 1
  [1m[36mDaiLy Load (0.1ms)[0m  [1mSELECT "dai_lies".* FROM "dai_lies" WHERE "dai_lies"."id" = 2 LIMIT 1[0m
  [1m[35mDaiLy Load (0.1ms)[0m  SELECT "dai_lies".* FROM "dai_lies" WHERE "dai_lies"."id" = 1 LIMIT 1
  [1m[36mDaiLy Load (0.1ms)[0m  [1mSELECT "dai_lies".* FROM "dai_lies" ORDER BY id desc[0m
  [1m[35mCaptem Load (0.1ms)[0m  SELECT "captems".* FROM "captems" WHERE "captems"."dai_ly_id" = 2
  [1m[36mCaptem Load (0.3ms)[0m  [1mSELECT "captems".* FROM "captems" WHERE "captems"."dai_ly_id" = 1[0m
  [1m[35mDangkiCaptem Load (0.1ms)[0m  SELECT "dangki_captems".* FROM "dangki_captems" WHERE "dangki_captems"."dai_ly_id" = 2
  [1m[36mDangkiCaptem Load (0.1ms)[0m  [1mSELECT "dangki_captems".* FROM "dangki_captems" WHERE "dangki_captems"."dai_ly_id" = 1[0m
  [1m[35mSmsdb Load (0.1ms)[0m  SELECT "smsdbs".* FROM "smsdbs" ORDER BY id desc LIMIT 10
  [1m[36mPrintManager Load (0.1ms)[0m  [1mSELECT "print_managers".* FROM "print_managers" WHERE "print_managers"."id" = 977 LIMIT 1[0m
  [1m[35mCACHE (0.0ms)[0m  SELECT "print_managers".* FROM "print_managers" WHERE "print_managers"."id" = 977 LIMIT 1
  [1m[36mPrintManager Load (0.1ms)[0m  [1mSELECT "print_managers".* FROM "print_managers" WHERE "print_managers"."id" = 985 LIMIT 1[0m
  [1m[35mPrintManager Load (0.1ms)[0m  SELECT "print_managers".* FROM "print_managers" WHERE "print_managers"."id" = 4 LIMIT 1
  [1m[36mCACHE (0.0ms)[0m  [1mSELECT "print_managers".* FROM "print_managers" WHERE "print_managers"."id" = 4 LIMIT 1[0m
  [1m[35mCACHE (0.0ms)[0m  SELECT "print_managers".* FROM "print_managers" WHERE "print_managers"."id" = 4 LIMIT 1
  [1m[36mPrintManager Load (0.1ms)[0m  [1mSELECT "print_managers".* FROM "print_managers" WHERE "print_managers"."id" = 11573 LIMIT 1[0m
  [1m[35mCACHE (0.0ms)[0m  SELECT "print_managers".* FROM "print_managers" WHERE "print_managers"."id" = 11573 LIMIT 1
  [1m[36mCACHE (0.0ms)[0m  [1mSELECT "print_managers".* FROM "print_managers" WHERE "print_managers"."id" = 11573 LIMIT 1[0m
  [1m[35mPackage Load (0.1ms)[0m  SELECT "packages".* FROM "packages" WHERE "packages"."id" = 17 LIMIT 1
  [1m[36mCaptem Load (0.2ms)[0m  [1mSELECT "captems".* FROM "captems" WHERE "captems"."package_id" = 17 LIMIT 1[0m
  [1m[35mPhattem Load (0.1ms)[0m  SELECT "phattems".* FROM "phattems" WHERE "phattems"."captem_id" = 17 LIMIT 1
  [1m[36mSanPham Load (0.1ms)[0m  [1mSELECT "san_phams".* FROM "san_phams" WHERE "san_phams"."id" = 1 LIMIT 1[0m
  [1m[35mCACHE (0.0ms)[0m  SELECT "packages".* FROM "packages" WHERE "packages"."id" = 17 LIMIT 1
  [1m[36mCACHE (0.0ms)[0m  [1mSELECT "captems".* FROM "captems" WHERE "captems"."package_id" = 17 LIMIT 1[0m
  [1m[35mCACHE (0.0ms)[0m  SELECT "phattems".* FROM "phattems" WHERE "phattems"."captem_id" = 17 LIMIT 1
  [1m[36mCACHE (0.0ms)[0m  [1mSELECT "san_phams".* FROM "san_phams" WHERE "san_phams"."id" = 1 LIMIT 1[0m
  [1m[35mCACHE (0.0ms)[0m  SELECT "packages".* FROM "packages" WHERE "packages"."id" = 17 LIMIT 1
  [1m[36mCACHE (0.0ms)[0m  [1mSELECT "captems".* FROM "captems" WHERE "captems"."package_id" = 17 LIMIT 1[0m
  [1m[35mCACHE (0.0ms)[0m  SELECT "phattems".* FROM "phattems" WHERE "phattems"."captem_id" = 17 LIMIT 1
  [1m[36mCACHE (0.0ms)[0m  [1mSELECT "san_phams".* FROM "san_phams" WHERE "san_phams"."id" = 1 LIMIT 1[0m
  [1m[35mPackage Load (0.1ms)[0m  SELECT "packages".* FROM "packages" WHERE "packages"."id" = 1 LIMIT 1
  [1m[36mCaptem Load (0.1ms)[0m  [1mSELECT "captems".* FROM "captems" WHERE "captems"."package_id" = 1 LIMIT 1[0m
  [1m[35mPhattem Load (0.1ms)[0m  SELECT "phattems".* FROM "phattems" WHERE "phattems"."captem_id" = 1 LIMIT 1
  [1m[36mCACHE (0.0ms)[0m  [1mSELECT "packages".* FROM "packages" WHERE "packages"."id" = 1 LIMIT 1[0m
  [1m[35mCACHE (0.0ms)[0m  SELECT "captems".* FROM "captems" WHERE "captems"."package_id" = 1 LIMIT 1
  [1m[36mCACHE (0.0ms)[0m  [1mSELECT "phattems".* FROM "phattems" WHERE "phattems"."captem_id" = 1 LIMIT 1[0m
  [1m[35mCACHE (0.0ms)[0m  SELECT "packages".* FROM "packages" WHERE "packages"."id" = 1 LIMIT 1
  [1m[36mCACHE (0.0ms)[0m  [1mSELECT "captems".* FROM "captems" WHERE "captems"."package_id" = 1 LIMIT 1[0m
  [1m[35mCACHE (0.0ms)[0m  SELECT "phattems".* FROM "phattems" WHERE "phattems"."captem_id" = 1 LIMIT 1
  [1m[36mPackage Load (0.1ms)[0m  [1mSELECT "packages".* FROM "packages" WHERE "packages"."id" = 193 LIMIT 1[0m
  [1m[35mCaptem Load (0.1ms)[0m  SELECT "captems".* FROM "captems" WHERE "captems"."package_id" = 193 LIMIT 1
  [1m[36mCACHE (0.0ms)[0m  [1mSELECT "packages".* FROM "packages" WHERE "packages"."id" = 193 LIMIT 1[0m
  [1m[35mCACHE (0.0ms)[0m  SELECT "captems".* FROM "captems" WHERE "captems"."package_id" = 193 LIMIT 1
  [1m[36mCACHE (0.0ms)[0m  [1mSELECT "packages".* FROM "packages" WHERE "packages"."id" = 193 LIMIT 1[0m
  [1m[35mCACHE (0.0ms)[0m  SELECT "captems".* FROM "captems" WHERE "captems"."package_id" = 193 LIMIT 1
  [1m[36mDoanhNghiep Load (0.1ms)[0m  [1mSELECT "doanh_nghieps".* FROM "doanh_nghieps" WHERE "doanh_nghieps"."id" = 1 LIMIT 1[0m
  [1m[35mCACHE (0.0ms)[0m  SELECT "doanh_nghieps".* FROM "doanh_nghieps" WHERE "doanh_nghieps"."id" = 1 LIMIT 1
  [1m[36mCACHE (0.0ms)[0m  [1mSELECT "doanh_nghieps".* FROM "doanh_nghieps" WHERE "doanh_nghieps"."id" = 1 LIMIT 1[0m
  [1m[35mCACHE (0.0ms)[0m  SELECT "dai_lies".* FROM "dai_lies" WHERE "dai_lies"."id" = 1 LIMIT 1
  [1m[36mCACHE (0.0ms)[0m  [1mSELECT "dai_lies".* FROM "dai_lies" WHERE "dai_lies"."id" = 1 LIMIT 1[0m
  [1m[35mCACHE (0.0ms)[0m  SELECT "dai_lies".* FROM "dai_lies" WHERE "dai_lies"."id" = 1 LIMIT 1
  Rendered /Users/macintoshhd/.rvm/gems/ruby-1.9.3-p448/gems/activeadmin-0.6.0/app/views/active_admin/page/index.html.arb (353.4ms)
Completed 200 OK in 420ms (Views: 356.1ms | ActiveRecord: 4.9ms | Solr: 0.0ms)


Started GET "/assets/active_admin.js" for 127.0.0.1 at 2014-02-20 17:22:08 +0700
Served asset /active_admin.js - 304 Not Modified (14ms)


Started GET "/assets/active_admin.css?body=1" for 127.0.0.1 at 2014-02-20 17:22:08 +0700
Served asset /active_admin.css - 304 Not Modified (5ms)


Started GET "/assets/active_admin/print.css?body=1" for 127.0.0.1 at 2014-02-20 17:22:08 +0700
Served asset /active_admin/print.css - 304 Not Modified (3ms)
Connecting to database specified by database.yml


Started GET "/admin" for 127.0.0.1 at 2014-02-20 17:23:47 +0700
Processing by Admin::DashboardController#index as HTML
  [1m[36mAdminUser Load (0.1ms)[0m  [1mSELECT "admin_users".* FROM "admin_users" WHERE "admin_users"."id" = 1 LIMIT 1[0m
  [1m[35mDoanhNghiep Load (0.1ms)[0m  SELECT "doanh_nghieps".* FROM "doanh_nghieps" ORDER BY id desc LIMIT 5
  [1m[36m (0.1ms)[0m  [1mSELECT COUNT(*) FROM "san_phams" WHERE "san_phams"."doanh_nghiep_id" = 2[0m
  [1m[35m (0.1ms)[0m  SELECT COUNT(*) FROM "san_phams" WHERE "san_phams"."doanh_nghiep_id" = 1
  [1m[36mDaiLy Load (0.1ms)[0m  [1mSELECT "dai_lies".* FROM "dai_lies" WHERE "dai_lies"."id" = 2 LIMIT 1[0m
  [1m[35mDaiLy Load (0.1ms)[0m  SELECT "dai_lies".* FROM "dai_lies" WHERE "dai_lies"."id" = 1 LIMIT 1
  [1m[36mDaiLy Load (0.1ms)[0m  [1mSELECT "dai_lies".* FROM "dai_lies" ORDER BY id desc[0m
  [1m[35mCaptem Load (0.2ms)[0m  SELECT "captems".* FROM "captems" WHERE "captems"."dai_ly_id" = 2
  [1m[36mCaptem Load (0.4ms)[0m  [1mSELECT "captems".* FROM "captems" WHERE "captems"."dai_ly_id" = 1[0m
  [1m[35mDangkiCaptem Load (0.1ms)[0m  SELECT "dangki_captems".* FROM "dangki_captems" WHERE "dangki_captems"."dai_ly_id" = 2
  [1m[36mDangkiCaptem Load (0.1ms)[0m  [1mSELECT "dangki_captems".* FROM "dangki_captems" WHERE "dangki_captems"."dai_ly_id" = 1[0m
  [1m[35mSmsdb Load (0.1ms)[0m  SELECT "smsdbs".* FROM "smsdbs" ORDER BY id desc LIMIT 10
  [1m[36mPrintManager Load (0.1ms)[0m  [1mSELECT "print_managers".* FROM "print_managers" WHERE "print_managers"."id" = 977 LIMIT 1[0m
  [1m[35mCACHE (0.0ms)[0m  SELECT "print_managers".* FROM "print_managers" WHERE "print_managers"."id" = 977 LIMIT 1
  [1m[36mPrintManager Load (0.1ms)[0m  [1mSELECT "print_managers".* FROM "print_managers" WHERE "print_managers"."id" = 985 LIMIT 1[0m
  [1m[35mPrintManager Load (0.1ms)[0m  SELECT "print_managers".* FROM "print_managers" WHERE "print_managers"."id" = 4 LIMIT 1
  [1m[36mCACHE (0.0ms)[0m  [1mSELECT "print_managers".* FROM "print_managers" WHERE "print_managers"."id" = 4 LIMIT 1[0m
  [1m[35mCACHE (0.0ms)[0m  SELECT "print_managers".* FROM "print_managers" WHERE "print_managers"."id" = 4 LIMIT 1
  [1m[36mPrintManager Load (0.1ms)[0m  [1mSELECT "print_managers".* FROM "print_managers" WHERE "print_managers"."id" = 11573 LIMIT 1[0m
  [1m[35mCACHE (0.0ms)[0m  SELECT "print_managers".* FROM "print_managers" WHERE "print_managers"."id" = 11573 LIMIT 1
  [1m[36mCACHE (0.0ms)[0m  [1mSELECT "print_managers".* FROM "print_managers" WHERE "print_managers"."id" = 11573 LIMIT 1[0m
  [1m[35mPackage Load (0.1ms)[0m  SELECT "packages".* FROM "packages" WHERE "packages"."id" = 17 LIMIT 1
  [1m[36mCaptem Load (0.1ms)[0m  [1mSELECT "captems".* FROM "captems" WHERE "captems"."package_id" = 17 LIMIT 1[0m
  [1m[35mPhattem Load (0.1ms)[0m  SELECT "phattems".* FROM "phattems" WHERE "phattems"."captem_id" = 17 LIMIT 1
  [1m[36mSanPham Load (0.1ms)[0m  [1mSELECT "san_phams".* FROM "san_phams" WHERE "san_phams"."id" = 1 LIMIT 1[0m
  [1m[35mCACHE (0.0ms)[0m  SELECT "packages".* FROM "packages" WHERE "packages"."id" = 17 LIMIT 1
  [1m[36mCACHE (0.0ms)[0m  [1mSELECT "captems".* FROM "captems" WHERE "captems"."package_id" = 17 LIMIT 1[0m
  [1m[35mCACHE (0.0ms)[0m  SELECT "phattems".* FROM "phattems" WHERE "phattems"."captem_id" = 17 LIMIT 1
  [1m[36mCACHE (0.0ms)[0m  [1mSELECT "san_phams".* FROM "san_phams" WHERE "san_phams"."id" = 1 LIMIT 1[0m
  [1m[35mCACHE (0.0ms)[0m  SELECT "packages".* FROM "packages" WHERE "packages"."id" = 17 LIMIT 1
  [1m[36mCACHE (0.0ms)[0m  [1mSELECT "captems".* FROM "captems" WHERE "captems"."package_id" = 17 LIMIT 1[0m
  [1m[35mCACHE (0.0ms)[0m  SELECT "phattems".* FROM "phattems" WHERE "phattems"."captem_id" = 17 LIMIT 1
  [1m[36mCACHE (0.0ms)[0m  [1mSELECT "san_phams".* FROM "san_phams" WHERE "san_phams"."id" = 1 LIMIT 1[0m
  [1m[35mPackage Load (0.1ms)[0m  SELECT "packages".* FROM "packages" WHERE "packages"."id" = 1 LIMIT 1
  [1m[36mCaptem Load (0.1ms)[0m  [1mSELECT "captems".* FROM "captems" WHERE "captems"."package_id" = 1 LIMIT 1[0m
  [1m[35mPhattem Load (0.1ms)[0m  SELECT "phattems".* FROM "phattems" WHERE "phattems"."captem_id" = 1 LIMIT 1
  [1m[36mCACHE (0.0ms)[0m  [1mSELECT "packages".* FROM "packages" WHERE "packages"."id" = 1 LIMIT 1[0m
  [1m[35mCACHE (0.0ms)[0m  SELECT "captems".* FROM "captems" WHERE "captems"."package_id" = 1 LIMIT 1
  [1m[36mCACHE (0.0ms)[0m  [1mSELECT "phattems".* FROM "phattems" WHERE "phattems"."captem_id" = 1 LIMIT 1[0m
  [1m[35mCACHE (0.0ms)[0m  SELECT "packages".* FROM "packages" WHERE "packages"."id" = 1 LIMIT 1
  [1m[36mCACHE (0.0ms)[0m  [1mSELECT "captems".* FROM "captems" WHERE "captems"."package_id" = 1 LIMIT 1[0m
  [1m[35mCACHE (0.0ms)[0m  SELECT "phattems".* FROM "phattems" WHERE "phattems"."captem_id" = 1 LIMIT 1
  [1m[36mPackage Load (0.1ms)[0m  [1mSELECT "packages".* FROM "packages" WHERE "packages"."id" = 193 LIMIT 1[0m
  [1m[35mCaptem Load (0.1ms)[0m  SELECT "captems".* FROM "captems" WHERE "captems"."package_id" = 193 LIMIT 1
  [1m[36mCACHE (0.0ms)[0m  [1mSELECT "packages".* FROM "packages" WHERE "packages"."id" = 193 LIMIT 1[0m
  [1m[35mCACHE (0.0ms)[0m  SELECT "captems".* FROM "captems" WHERE "captems"."package_id" = 193 LIMIT 1
  [1m[36mCACHE (0.0ms)[0m  [1mSELECT "packages".* FROM "packages" WHERE "packages"."id" = 193 LIMIT 1[0m
  [1m[35mCACHE (0.0ms)[0m  SELECT "captems".* FROM "captems" WHERE "captems"."package_id" = 193 LIMIT 1
  [1m[36mDoanhNghiep Load (0.1ms)[0m  [1mSELECT "doanh_nghieps".* FROM "doanh_nghieps" WHERE "doanh_nghieps"."id" = 1 LIMIT 1[0m
  [1m[35mCACHE (0.0ms)[0m  SELECT "doanh_nghieps".* FROM "doanh_nghieps" WHERE "doanh_nghieps"."id" = 1 LIMIT 1
  [1m[36mCACHE (0.0ms)[0m  [1mSELECT "doanh_nghieps".* FROM "doanh_nghieps" WHERE "doanh_nghieps"."id" = 1 LIMIT 1[0m
  [1m[35mCACHE (0.0ms)[0m  SELECT "dai_lies".* FROM "dai_lies" WHERE "dai_lies"."id" = 1 LIMIT 1
  [1m[36mCACHE (0.0ms)[0m  [1mSELECT "dai_lies".* FROM "dai_lies" WHERE "dai_lies"."id" = 1 LIMIT 1[0m
  [1m[35mCACHE (0.0ms)[0m  SELECT "dai_lies".* FROM "dai_lies" WHERE "dai_lies"."id" = 1 LIMIT 1
  Rendered /Users/macintoshhd/.rvm/gems/ruby-1.9.3-p448/gems/activeadmin-0.6.0/app/views/active_admin/page/index.html.arb (285.4ms)
Completed 200 OK in 372ms (Views: 330.6ms | ActiveRecord: 4.8ms | Solr: 0.0ms)


Started GET "/assets/active_admin.js" for 127.0.0.1 at 2014-02-20 17:23:48 +0700
Served asset /active_admin.js - 304 Not Modified (14ms)


Started GET "/assets/active_admin.css?body=1" for 127.0.0.1 at 2014-02-20 17:23:48 +0700
Served asset /active_admin.css - 304 Not Modified (9ms)


Started GET "/assets/active_admin/print.css?body=1" for 127.0.0.1 at 2014-02-20 17:23:48 +0700
Served asset /active_admin/print.css - 304 Not Modified (1ms)
